c:\users\hp\documents\tencent files\846938219\filerecv\banksystem 6.13\banksystem\x64\release\uic\ui_banksystem.h
c:\users\hp\documents\tencent files\846938219\filerecv\banksystem 6.13\banksystem\x64\release\rcc\qrc_banksystem.cpp
c:\users\hp\documents\tencent files\846938219\filerecv\banksystem 6.13\banksystem\x64\release\moc\moc_banksystem.cpp
c:\users\hp\documents\tencent files\846938219\filerecv\banksystem 6.13\banksystem\x64\release\moc\moc_login.cpp
c:\users\hp\documents\tencent files\846938219\filerecv\banksystem 6.13\banksystem\x64\release\moc\moc_profit.cpp
c:\users\hp\documents\tencent files\846938219\filerecv\banksystem 6.13\banksystem\x64\release\moc\moc_loan.cpp
c:\users\hp\documents\tencent files\846938219\filerecv\banksystem 6.13\banksystem\x64\release\moc\moc_payment.cpp
c:\users\hp\documents\tencent files\846938219\filerecv\banksystem 6.13\banksystem\x64\release\moc\moc_lap.cpp
c:\users\hp\documents\tencent files\846938219\filerecv\banksystem 6.13\banksystem\x64\release\moc\moc_logup.cpp
c:\users\hp\documents\tencent files\846938219\filerecv\banksystem 6.13\banksystem\x64\release\moc\moc_osd.cpp
d:\c艹\6.14\banksystem6.14 latest\banksystem\x64\release\uic\ui_banksystem.h
d:\c艹\6.14\banksystem6.14 latest\banksystem\x64\release\rcc\qrc_banksystem.cpp
d:\c艹\6.14\banksystem6.14 latest\banksystem\x64\release\moc\moc_banksystem.cpp
d:\c艹\6.14\banksystem6.14 latest\banksystem\x64\release\moc\moc_login.cpp
d:\c艹\6.14\banksystem6.14 latest\banksystem\x64\release\moc\moc_transition.cpp
d:\c艹\6.14\banksystem6.14 latest\banksystem\x64\release\moc\moc_profit.cpp
d:\c艹\6.14\banksystem6.14 latest\banksystem\x64\release\moc\moc_loan.cpp
d:\c艹\6.14\banksystem6.14 latest\banksystem\x64\release\moc\moc_payment.cpp
d:\c艹\6.14\banksystem6.14 latest\banksystem\x64\release\moc\moc_lap.cpp
d:\c艹\6.14\banksystem6.14 latest\banksystem\x64\release\moc\moc_logup.cpp
d:\c艹\6.14\banksystem6.14 latest\banksystem\x64\release\moc\moc_osd.cpp
c:\users\hp\documents\tencent files\846938219\filerecv\banksystem 6.13\banksystem\x64\release\moc_lap.obj
c:\users\hp\documents\tencent files\846938219\filerecv\banksystem 6.13\banksystem\x64\release\qrc_banksystem.obj
c:\users\hp\documents\tencent files\846938219\filerecv\banksystem 6.13\banksystem\x64\release\moc_osd.obj
c:\users\hp\documents\tencent files\846938219\filerecv\banksystem 6.13\banksystem\x64\release\moc_banksystem.obj
c:\users\hp\documents\tencent files\846938219\filerecv\banksystem 6.13\banksystem\x64\release\moc_logup.obj
c:\users\hp\documents\tencent files\846938219\filerecv\banksystem 6.13\banksystem\x64\release\moc_payment.obj
c:\users\hp\documents\tencent files\846938219\filerecv\banksystem 6.13\banksystem\x64\release\moc_login.obj
c:\users\hp\documents\tencent files\846938219\filerecv\banksystem 6.13\banksystem\x64\release\moc_profit.obj
c:\users\hp\documents\tencent files\846938219\filerecv\banksystem 6.13\banksystem\x64\release\moc_loan.obj
c:\users\hp\documents\tencent files\846938219\filerecv\banksystem 6.13\banksystem\x64\release\osd.obj
c:\users\hp\documents\tencent files\846938219\filerecv\banksystem 6.13\banksystem\x64\release\payment.obj
c:\users\hp\documents\tencent files\846938219\filerecv\banksystem 6.13\banksystem\x64\release\lap.obj
c:\users\hp\documents\tencent files\846938219\filerecv\banksystem 6.13\banksystem\x64\release\profit.obj
c:\users\hp\documents\tencent files\846938219\filerecv\banksystem 6.13\banksystem\x64\release\main.obj
c:\users\hp\documents\tencent files\846938219\filerecv\banksystem 6.13\banksystem\x64\release\logup.obj
c:\users\hp\documents\tencent files\846938219\filerecv\banksystem 6.13\banksystem\x64\release\login.obj
c:\users\hp\documents\tencent files\846938219\filerecv\banksystem 6.13\banksystem\x64\release\loan.obj
c:\users\hp\documents\tencent files\846938219\filerecv\banksystem 6.13\banksystem\x64\release\banksystem.obj
d:\c艹\6.14\banksystem6.14 latest\banksystem\x64\release\payment.obj
d:\c艹\6.14\banksystem6.14 latest\banksystem\x64\release\main.obj
d:\c艹\6.14\banksystem6.14 latest\banksystem\x64\release\login.obj
d:\c艹\6.14\banksystem6.14 latest\banksystem\x64\release\logup.obj
d:\c艹\6.14\banksystem6.14 latest\banksystem\x64\release\transition.obj
c:\users\hp\documents\tencent files\846938219\filerecv\banksystem 6.13\banksystem\x64\release\banksystem.exe
d:\c艹\6.14\banksystem6.14 latest\banksystem\x64\release\\moc\moc_banksystem.cpp
d:\c艹\6.14\banksystem6.14 latest\banksystem\x64\release\\moc\moc_login.cpp
d:\c艹\6.14\banksystem6.14 latest\banksystem\x64\release\\moc\moc_transition.cpp
d:\c艹\6.14\banksystem6.14 latest\banksystem\x64\release\\moc\moc_profit.cpp
d:\c艹\6.14\banksystem6.14 latest\banksystem\x64\release\\moc\moc_loan.cpp
d:\c艹\6.14\banksystem6.14 latest\banksystem\x64\release\\moc\moc_payment.cpp
d:\c艹\6.14\banksystem6.14 latest\banksystem\x64\release\\moc\moc_lap.cpp
d:\c艹\6.14\banksystem6.14 latest\banksystem\x64\release\\moc\moc_logup.cpp
d:\c艹\6.14\banksystem6.14 latest\banksystem\x64\release\\moc\moc_osd.cpp
c:\users\hp\documents\tencent files\846938219\filerecv\banksystem 6.13\banksystem\x64\release\banksystem.res
d:\c艹\6.14\banksystem6.14 latest\banksystem\x64\release\\rcc\qrc_banksystem.cpp
d:\c艹\6.14\banksystem6.14 latest\banksystem\x64\release\\uic\ui_banksystem.h
c:\users\hp\documents\tencent files\846938219\filerecv\banksystem 6.15.1\banksystem\x64\release\banksystem.obj
c:\users\hp\documents\tencent files\846938219\filerecv\banksystem 6.15.1\banksystem\x64\release\lap.obj
c:\users\hp\documents\tencent files\846938219\filerecv\banksystem 6.15.1\banksystem\x64\release\loan.obj
c:\users\hp\documents\tencent files\846938219\filerecv\banksystem 6.15.1\banksystem\x64\release\login.obj
c:\users\hp\documents\tencent files\846938219\filerecv\banksystem 6.15.1\banksystem\x64\release\logup.obj
c:\users\hp\documents\tencent files\846938219\filerecv\banksystem 6.15.1\banksystem\x64\release\main.obj
c:\users\hp\documents\tencent files\846938219\filerecv\banksystem 6.15.1\banksystem\x64\release\moc_banksystem.obj
c:\users\hp\documents\tencent files\846938219\filerecv\banksystem 6.15.1\banksystem\x64\release\moc_lap.obj
c:\users\hp\documents\tencent files\846938219\filerecv\banksystem 6.15.1\banksystem\x64\release\moc_loan.obj
c:\users\hp\documents\tencent files\846938219\filerecv\banksystem 6.15.1\banksystem\x64\release\moc_login.obj
c:\users\hp\documents\tencent files\846938219\filerecv\banksystem 6.15.1\banksystem\x64\release\moc_logup.obj
c:\users\hp\documents\tencent files\846938219\filerecv\banksystem 6.15.1\banksystem\x64\release\moc_osd.obj
c:\users\hp\documents\tencent files\846938219\filerecv\banksystem 6.15.1\banksystem\x64\release\moc_payment.obj
c:\users\hp\documents\tencent files\846938219\filerecv\banksystem 6.15.1\banksystem\x64\release\moc_profit.obj
c:\users\hp\documents\tencent files\846938219\filerecv\banksystem 6.15.1\banksystem\x64\release\osd.obj
c:\users\hp\documents\tencent files\846938219\filerecv\banksystem 6.15.1\banksystem\x64\release\payment.obj
c:\users\hp\documents\tencent files\846938219\filerecv\banksystem 6.15.1\banksystem\x64\release\profit.obj
c:\users\hp\documents\tencent files\846938219\filerecv\banksystem 6.15.1\banksystem\x64\release\qrc_banksystem.obj
c:\users\hp\documents\tencent files\846938219\filerecv\banksystem 6.15.1\banksystem\x64\release\transition.obj
c:\users\hp\documents\tencent files\846938219\filerecv\banksystem 6.15.1\banksystem\x64\release\banksystem.res
c:\users\hp\documents\tencent files\846938219\filerecv\banksystem 6.15.1\banksystem\x64\release\banksystem.exe
c:\users\hp\documents\tencent files\846938219\filerecv\banksystem 6.15.1\banksystem\x64\release\banksystem.tlog\banksystem.write.1u.tlog
c:\users\hp\documents\tencent files\846938219\filerecv\banksystem 6.15.1\banksystem\x64\release\banksystem.tlog\cl.command.1.tlog
c:\users\hp\documents\tencent files\846938219\filerecv\banksystem 6.15.1\banksystem\x64\release\banksystem.tlog\cl.read.1.tlog
c:\users\hp\documents\tencent files\846938219\filerecv\banksystem 6.15.1\banksystem\x64\release\banksystem.tlog\cl.write.1.tlog
c:\users\hp\documents\tencent files\846938219\filerecv\banksystem 6.15.1\banksystem\x64\release\banksystem.tlog\link.command.1.tlog
c:\users\hp\documents\tencent files\846938219\filerecv\banksystem 6.15.1\banksystem\x64\release\banksystem.tlog\link.read.1.tlog
c:\users\hp\documents\tencent files\846938219\filerecv\banksystem 6.15.1\banksystem\x64\release\banksystem.tlog\link.write.1.tlog
c:\users\hp\documents\tencent files\846938219\filerecv\banksystem 6.15.1\banksystem\x64\release\banksystem.tlog\moc.read.1u.tlog
c:\users\hp\documents\tencent files\846938219\filerecv\banksystem 6.15.1\banksystem\x64\release\banksystem.tlog\moc.write.1u.tlog
c:\users\hp\documents\tencent files\846938219\filerecv\banksystem 6.15.1\banksystem\x64\release\banksystem.tlog\rc.command.1.tlog
c:\users\hp\documents\tencent files\846938219\filerecv\banksystem 6.15.1\banksystem\x64\release\banksystem.tlog\rc.read.1.tlog
c:\users\hp\documents\tencent files\846938219\filerecv\banksystem 6.15.1\banksystem\x64\release\banksystem.tlog\rc.write.1.tlog
c:\users\hp\documents\tencent files\846938219\filerecv\banksystem 6.15.1\banksystem\x64\release\banksystem.tlog\rcc.read.1u.tlog
c:\users\hp\documents\tencent files\846938219\filerecv\banksystem 6.15.1\banksystem\x64\release\banksystem.tlog\rcc.write.1u.tlog
c:\users\hp\documents\tencent files\846938219\filerecv\banksystem 6.15.1\banksystem\x64\release\banksystem.tlog\uic.read.1u.tlog
c:\users\hp\documents\tencent files\846938219\filerecv\banksystem 6.15.1\banksystem\x64\release\banksystem.tlog\uic.write.1u.tlog
