  BankSystem.cpp
LAPadmin.obj : warning LNK4006: "double Total" (?Total@@3NA) 已在 LAP.obj 中定义；已忽略第二个定义
loan.obj : warning LNK4006: "bool __cdecl ExecSQL(char const *)" (?ExecSQL@@YA_NPEBD@Z) 已在 LAPadmin.obj 中定义；已忽略第二个定义
loan.obj : warning LNK4006: "class std::basic_string<char,struct std::char_traits<char>,class std::allocator<char> > __cdecl FormatTwo(class std::basic_string<char,struct std::char_traits<char>,class std::allocator<char> >)" (?FormatTwo@@YA?AV?$basic_string@DU?$char_traits@D@std@@V?$allocator@D@2@@std@@V12@@Z) 已在 LAPadmin.obj 中定义；已忽略第二个定义
loan.obj : warning LNK4006: "int __cdecl GetnewID(void)" (?GetnewID@@YAHXZ) 已在 LAPadmin.obj 中定义；已忽略第二个定义
loan.obj : warning LNK4006: "class std::basic_string<char,struct std::char_traits<char>,class std::allocator<char> > __cdecl WORDToString(unsigned short)" (?WORDToString@@YA?AV?$basic_string@DU?$char_traits@D@std@@V?$allocator@D@2@@std@@G@Z) 已在 LAPadmin.obj 中定义；已忽略第二个定义
loan.obj : warning LNK4006: "double Total" (?Total@@3NA) 已在 LAP.obj 中定义；已忽略第二个定义
loan.obj : warning LNK4006: "int priRight" (?priRight@@3HA) 已在 LAPadmin.obj 中定义；已忽略第二个定义
loan.obj : warning LNK4006: "class QVector<class QString> SqlRes" (?SqlRes@@3V?$QVector@VQString@@@@A) 已在 LAPadmin.obj 中定义；已忽略第二个定义
loan.obj : warning LNK4006: "class QString UserName" (?UserName@@3VQString@@A) 已在 LAPadmin.obj 中定义；已忽略第二个定义
OSD.obj : warning LNK4006: "bool __cdecl ExecSQL(char const *)" (?ExecSQL@@YA_NPEBD@Z) 已在 LAPadmin.obj 中定义；已忽略第二个定义
OSD.obj : warning LNK4006: "class std::basic_string<char,struct std::char_traits<char>,class std::allocator<char> > __cdecl FormatTwo(class std::basic_string<char,struct std::char_traits<char>,class std::allocator<char> >)" (?FormatTwo@@YA?AV?$basic_string@DU?$char_traits@D@std@@V?$allocator@D@2@@std@@V12@@Z) 已在 LAPadmin.obj 中定义；已忽略第二个定义
OSD.obj : warning LNK4006: "int __cdecl GetnewID(void)" (?GetnewID@@YAHXZ) 已在 LAPadmin.obj 中定义；已忽略第二个定义
OSD.obj : warning LNK4006: "class std::basic_string<char,struct std::char_traits<char>,class std::allocator<char> > __cdecl WORDToString(unsigned short)" (?WORDToString@@YA?AV?$basic_string@DU?$char_traits@D@std@@V?$allocator@D@2@@std@@G@Z) 已在 LAPadmin.obj 中定义；已忽略第二个定义
OSD.obj : warning LNK4006: "int priRight" (?priRight@@3HA) 已在 LAPadmin.obj 中定义；已忽略第二个定义
OSD.obj : warning LNK4006: "double Total" (?Total@@3NA) 已在 LAP.obj 中定义；已忽略第二个定义
OSD.obj : warning LNK4006: "class QVector<class QString> SqlRes" (?SqlRes@@3V?$QVector@VQString@@@@A) 已在 LAPadmin.obj 中定义；已忽略第二个定义
OSD.obj : warning LNK4006: "class QString UserName" (?UserName@@3VQString@@A) 已在 LAPadmin.obj 中定义；已忽略第二个定义
OSDadmin.obj : warning LNK4006: "bool __cdecl ExecSQL(char const *)" (?ExecSQL@@YA_NPEBD@Z) 已在 LAPadmin.obj 中定义；已忽略第二个定义
OSDadmin.obj : warning LNK4006: "class std::basic_string<char,struct std::char_traits<char>,class std::allocator<char> > __cdecl FormatTwo(class std::basic_string<char,struct std::char_traits<char>,class std::allocator<char> >)" (?FormatTwo@@YA?AV?$basic_string@DU?$char_traits@D@std@@V?$allocator@D@2@@std@@V12@@Z) 已在 LAPadmin.obj 中定义；已忽略第二个定义
OSDadmin.obj : warning LNK4006: "int __cdecl GetnewID(void)" (?GetnewID@@YAHXZ) 已在 LAPadmin.obj 中定义；已忽略第二个定义
OSDadmin.obj : warning LNK4006: "class std::basic_string<char,struct std::char_traits<char>,class std::allocator<char> > __cdecl WORDToString(unsigned short)" (?WORDToString@@YA?AV?$basic_string@DU?$char_traits@D@std@@V?$allocator@D@2@@std@@G@Z) 已在 LAPadmin.obj 中定义；已忽略第二个定义
OSDadmin.obj : warning LNK4006: "double Total" (?Total@@3NA) 已在 LAP.obj 中定义；已忽略第二个定义
OSDadmin.obj : warning LNK4006: "int priRight" (?priRight@@3HA) 已在 LAPadmin.obj 中定义；已忽略第二个定义
OSDadmin.obj : warning LNK4006: "class QString Client" (?Client@@3VQString@@A) 已在 LAPadmin.obj 中定义；已忽略第二个定义
OSDadmin.obj : warning LNK4006: "class QVector<class QString> SqlRes" (?SqlRes@@3V?$QVector@VQString@@@@A) 已在 LAPadmin.obj 中定义；已忽略第二个定义
OSDadmin.obj : warning LNK4006: "class QString UserName" (?UserName@@3VQString@@A) 已在 LAPadmin.obj 中定义；已忽略第二个定义
payment.obj : warning LNK4006: "bool __cdecl ExecSQL(char const *)" (?ExecSQL@@YA_NPEBD@Z) 已在 LAPadmin.obj 中定义；已忽略第二个定义
payment.obj : warning LNK4006: "class std::basic_string<char,struct std::char_traits<char>,class std::allocator<char> > __cdecl FormatTwo(class std::basic_string<char,struct std::char_traits<char>,class std::allocator<char> >)" (?FormatTwo@@YA?AV?$basic_string@DU?$char_traits@D@std@@V?$allocator@D@2@@std@@V12@@Z) 已在 LAPadmin.obj 中定义；已忽略第二个定义
payment.obj : warning LNK4006: "int __cdecl GetnewID(void)" (?GetnewID@@YAHXZ) 已在 LAPadmin.obj 中定义；已忽略第二个定义
payment.obj : warning LNK4006: "class std::basic_string<char,struct std::char_traits<char>,class std::allocator<char> > __cdecl WORDToString(unsigned short)" (?WORDToString@@YA?AV?$basic_string@DU?$char_traits@D@std@@V?$allocator@D@2@@std@@G@Z) 已在 LAPadmin.obj 中定义；已忽略第二个定义
payment.obj : warning LNK4006: "int priRight" (?priRight@@3HA) 已在 LAPadmin.obj 中定义；已忽略第二个定义
payment.obj : warning LNK4006: "double loanM" (?loanM@@3NA) 已在 LAPadmin.obj 中定义；已忽略第二个定义
payment.obj : warning LNK4006: "class QVector<class QString> SqlRes" (?SqlRes@@3V?$QVector@VQString@@@@A) 已在 LAPadmin.obj 中定义；已忽略第二个定义
payment.obj : warning LNK4006: "class QString UserName" (?UserName@@3VQString@@A) 已在 LAPadmin.obj 中定义；已忽略第二个定义
payment.obj : warning LNK4006: "class std::basic_string<char,struct std::char_traits<char>,class std::allocator<char> > currentTime" (?currentTime@@3V?$basic_string@DU?$char_traits@D@std@@V?$allocator@D@2@@std@@A) 已在 LAPadmin.obj 中定义；已忽略第二个定义
profit.obj : warning LNK4006: "double Total" (?Total@@3NA) 已在 LAP.obj 中定义；已忽略第二个定义
profit.obj : warning LNK4006: "int priRight" (?priRight@@3HA) 已在 LAPadmin.obj 中定义；已忽略第二个定义
profit.obj : warning LNK4006: "class QString UserName" (?UserName@@3VQString@@A) 已在 LAPadmin.obj 中定义；已忽略第二个定义
Tadmin.obj : warning LNK4006: "bool __cdecl ExecSQL(char const *)" (?ExecSQL@@YA_NPEBD@Z) 已在 LAPadmin.obj 中定义；已忽略第二个定义
Tadmin.obj : warning LNK4006: "class std::basic_string<char,struct std::char_traits<char>,class std::allocator<char> > __cdecl FormatTwo(class std::basic_string<char,struct std::char_traits<char>,class std::allocator<char> >)" (?FormatTwo@@YA?AV?$basic_string@DU?$char_traits@D@std@@V?$allocator@D@2@@std@@V12@@Z) 已在 LAPadmin.obj 中定义；已忽略第二个定义
Tadmin.obj : warning LNK4006: "int __cdecl GetnewID(void)" (?GetnewID@@YAHXZ) 已在 LAPadmin.obj 中定义；已忽略第二个定义
Tadmin.obj : warning LNK4006: "class std::basic_string<char,struct std::char_traits<char>,class std::allocator<char> > __cdecl WORDToString(unsigned short)" (?WORDToString@@YA?AV?$basic_string@DU?$char_traits@D@std@@V?$allocator@D@2@@std@@G@Z) 已在 LAPadmin.obj 中定义；已忽略第二个定义
Tadmin.obj : warning LNK4006: "int priRight" (?priRight@@3HA) 已在 LAPadmin.obj 中定义；已忽略第二个定义
Tadmin.obj : warning LNK4006: "double Total" (?Total@@3NA) 已在 LAP.obj 中定义；已忽略第二个定义
Tadmin.obj : warning LNK4006: "class QVector<class QString> SqlRes" (?SqlRes@@3V?$QVector@VQString@@@@A) 已在 LAPadmin.obj 中定义；已忽略第二个定义
Tadmin.obj : warning LNK4006: "class QString UserName" (?UserName@@3VQString@@A) 已在 LAPadmin.obj 中定义；已忽略第二个定义
Tadmin.obj : warning LNK4006: "class QString Client" (?Client@@3VQString@@A) 已在 LAPadmin.obj 中定义；已忽略第二个定义
Transition.obj : warning LNK4006: "bool __cdecl ExecSQL(char const *)" (?ExecSQL@@YA_NPEBD@Z) 已在 LAPadmin.obj 中定义；已忽略第二个定义
Transition.obj : warning LNK4006: "class std::basic_string<char,struct std::char_traits<char>,class std::allocator<char> > __cdecl FormatTwo(class std::basic_string<char,struct std::char_traits<char>,class std::allocator<char> >)" (?FormatTwo@@YA?AV?$basic_string@DU?$char_traits@D@std@@V?$allocator@D@2@@std@@V12@@Z) 已在 LAPadmin.obj 中定义；已忽略第二个定义
Transition.obj : warning LNK4006: "int __cdecl GetnewID(void)" (?GetnewID@@YAHXZ) 已在 LAPadmin.obj 中定义；已忽略第二个定义
Transition.obj : warning LNK4006: "class std::basic_string<char,struct std::char_traits<char>,class std::allocator<char> > __cdecl WORDToString(unsigned short)" (?WORDToString@@YA?AV?$basic_string@DU?$char_traits@D@std@@V?$allocator@D@2@@std@@G@Z) 已在 LAPadmin.obj 中定义；已忽略第二个定义
Transition.obj : warning LNK4006: "int priRight" (?priRight@@3HA) 已在 LAPadmin.obj 中定义；已忽略第二个定义
Transition.obj : warning LNK4006: "class QVector<class QString> SqlRes" (?SqlRes@@3V?$QVector@VQString@@@@A) 已在 LAPadmin.obj 中定义；已忽略第二个定义
Transition.obj : warning LNK4006: "class QString UserName" (?UserName@@3VQString@@A) 已在 LAPadmin.obj 中定义；已忽略第二个定义
BankSystem.obj : warning LNK4006: "bool __cdecl ExecSQL(char const *)" (?ExecSQL@@YA_NPEBD@Z) 已在 LAPadmin.obj 中定义；已忽略第二个定义
BankSystem.obj : warning LNK4006: "class std::basic_string<char,struct std::char_traits<char>,class std::allocator<char> > __cdecl FormatTwo(class std::basic_string<char,struct std::char_traits<char>,class std::allocator<char> >)" (?FormatTwo@@YA?AV?$basic_string@DU?$char_traits@D@std@@V?$allocator@D@2@@std@@V12@@Z) 已在 LAPadmin.obj 中定义；已忽略第二个定义
BankSystem.obj : warning LNK4006: "int __cdecl GetnewID(void)" (?GetnewID@@YAHXZ) 已在 LAPadmin.obj 中定义；已忽略第二个定义
BankSystem.obj : warning LNK4006: "class std::basic_string<char,struct std::char_traits<char>,class std::allocator<char> > __cdecl WORDToString(unsigned short)" (?WORDToString@@YA?AV?$basic_string@DU?$char_traits@D@std@@V?$allocator@D@2@@std@@G@Z) 已在 LAPadmin.obj 中定义；已忽略第二个定义
BankSystem.obj : warning LNK4006: "double Total" (?Total@@3NA) 已在 LAP.obj 中定义；已忽略第二个定义
BankSystem.obj : warning LNK4006: "int priRight" (?priRight@@3HA) 已在 LAPadmin.obj 中定义；已忽略第二个定义
BankSystem.obj : warning LNK4006: "class QString UserName" (?UserName@@3VQString@@A) 已在 LAPadmin.obj 中定义；已忽略第二个定义
BankSystem.obj : warning LNK4006: "class QVector<class QString> SqlRes" (?SqlRes@@3V?$QVector@VQString@@@@A) 已在 LAPadmin.obj 中定义；已忽略第二个定义
logup.obj : warning LNK4006: "bool __cdecl ExecSQL(char const *)" (?ExecSQL@@YA_NPEBD@Z) 已在 LAPadmin.obj 中定义；已忽略第二个定义
logup.obj : warning LNK4006: "class std::basic_string<char,struct std::char_traits<char>,class std::allocator<char> > __cdecl FormatTwo(class std::basic_string<char,struct std::char_traits<char>,class std::allocator<char> >)" (?FormatTwo@@YA?AV?$basic_string@DU?$char_traits@D@std@@V?$allocator@D@2@@std@@V12@@Z) 已在 LAPadmin.obj 中定义；已忽略第二个定义
logup.obj : warning LNK4006: "int __cdecl GetnewID(void)" (?GetnewID@@YAHXZ) 已在 LAPadmin.obj 中定义；已忽略第二个定义
logup.obj : warning LNK4006: "class std::basic_string<char,struct std::char_traits<char>,class std::allocator<char> > __cdecl WORDToString(unsigned short)" (?WORDToString@@YA?AV?$basic_string@DU?$char_traits@D@std@@V?$allocator@D@2@@std@@G@Z) 已在 LAPadmin.obj 中定义；已忽略第二个定义
logup.obj : warning LNK4006: "class QVector<class QString> SqlRes" (?SqlRes@@3V?$QVector@VQString@@@@A) 已在 LAPadmin.obj 中定义；已忽略第二个定义
login.obj : warning LNK4006: "bool __cdecl ExecSQL(char const *)" (?ExecSQL@@YA_NPEBD@Z) 已在 LAPadmin.obj 中定义；已忽略第二个定义
login.obj : warning LNK4006: "double Total" (?Total@@3NA) 已在 LAP.obj 中定义；已忽略第二个定义
login.obj : warning LNK4006: "int priRight" (?priRight@@3HA) 已在 LAPadmin.obj 中定义；已忽略第二个定义
login.obj : warning LNK4006: "class QString UserName" (?UserName@@3VQString@@A) 已在 LAPadmin.obj 中定义；已忽略第二个定义
login.obj : warning LNK4006: "class QVector<class QString> SqlRes" (?SqlRes@@3V?$QVector@VQString@@@@A) 已在 LAPadmin.obj 中定义；已忽略第二个定义
login.obj : warning LNK4006: "class QString Client" (?Client@@3VQString@@A) 已在 LAPadmin.obj 中定义；已忽略第二个定义
main.obj : warning LNK4006: "bool __cdecl ExecSQL(char const *)" (?ExecSQL@@YA_NPEBD@Z) 已在 LAPadmin.obj 中定义；已忽略第二个定义
main.obj : warning LNK4006: "int priRight" (?priRight@@3HA) 已在 LAPadmin.obj 中定义；已忽略第二个定义
main.obj : warning LNK4006: "class QVector<class QString> SqlRes" (?SqlRes@@3V?$QVector@VQString@@@@A) 已在 LAPadmin.obj 中定义；已忽略第二个定义
main.obj : warning LNK4006: "class QString UserName" (?UserName@@3VQString@@A) 已在 LAPadmin.obj 中定义；已忽略第二个定义
moc_login.obj : warning LNK4006: "int priRight" (?priRight@@3HA) 已在 LAPadmin.obj 中定义；已忽略第二个定义
moc_login.obj : warning LNK4006: "class QString UserName" (?UserName@@3VQString@@A) 已在 LAPadmin.obj 中定义；已忽略第二个定义
moc_OSDadmin.obj : warning LNK4006: "double Total" (?Total@@3NA) 已在 LAP.obj 中定义；已忽略第二个定义
moc_OSDadmin.obj : warning LNK4006: "class QString Client" (?Client@@3VQString@@A) 已在 LAPadmin.obj 中定义；已忽略第二个定义
moc_logup.obj : warning LNK4006: "bool __cdecl ExecSQL(char const *)" (?ExecSQL@@YA_NPEBD@Z) 已在 LAPadmin.obj 中定义；已忽略第二个定义
moc_logup.obj : warning LNK4006: "class std::basic_string<char,struct std::char_traits<char>,class std::allocator<char> > __cdecl FormatTwo(class std::basic_string<char,struct std::char_traits<char>,class std::allocator<char> >)" (?FormatTwo@@YA?AV?$basic_string@DU?$char_traits@D@std@@V?$allocator@D@2@@std@@V12@@Z) 已在 LAPadmin.obj 中定义；已忽略第二个定义
moc_logup.obj : warning LNK4006: "int __cdecl GetnewID(void)" (?GetnewID@@YAHXZ) 已在 LAPadmin.obj 中定义；已忽略第二个定义
moc_logup.obj : warning LNK4006: "class std::basic_string<char,struct std::char_traits<char>,class std::allocator<char> > __cdecl WORDToString(unsigned short)" (?WORDToString@@YA?AV?$basic_string@DU?$char_traits@D@std@@V?$allocator@D@2@@std@@G@Z) 已在 LAPadmin.obj 中定义；已忽略第二个定义
moc_logup.obj : warning LNK4006: "class QVector<class QString> SqlRes" (?SqlRes@@3V?$QVector@VQString@@@@A) 已在 LAPadmin.obj 中定义；已忽略第二个定义
moc_OSD.obj : warning LNK4006: "double Total" (?Total@@3NA) 已在 LAP.obj 中定义；已忽略第二个定义
C:\Users\hp\Documents\Tencent Files\846938219\FileRecv\BankSystem 6.15.1\BankSystem\x64\Release\BankSystem.exe : warning LNK4088: 因 /FORCE 选项生成了映像；映像可能不能运行
  BankSystem.vcxproj -> C:\Users\hp\Documents\Tencent Files\846938219\FileRecv\BankSystem 6.15.1\BankSystem\x64\Release\BankSystem.exe
